03-19 18:25:15.095 19342-19342/? E/dalvikvm: Could not find class 'a.a.a.a', referenced from method a.a.a.b.<init>
03-19 18:25:15.105 19342-19342/? E/AndroidRuntime: FATAL EXCEPTION: main
    java.lang.NoClassDefFoundError: a/a/a/a
        at java.lang.Class.getDeclaredConstructors(Native Method)
        at java.lang.Class.getDeclaredConstructors(Class.java:602)
        at java.io.ObjectStreamClass.computeSerialVersionUID(ObjectStreamClass.java:508)
        at java.io.ObjectStreamClass.createClassDesc(ObjectStreamClass.java:259)
        at java.io.ObjectStreamClass.lookupStreamClass(ObjectStreamClass.java:1067)
        at java.io.ObjectOutputStream.writeObjectInternal(ObjectOutputStream.java:1574)
        at java.io.ObjectOutputStream.writeObject(ObjectOutputStream.java:1517)
        at java.io.ObjectOutputStream.writeObject(ObjectOutputStream.java:1481)
        at a.a.a.b.<init>(:1)
        at evel.io.r8apilevelbug.MainActivity.onCreate()
        at android.app.Activity.performCreate(Activity.java:5326)
        at android.app.Instrumentation.callActivityOnCreate(Instrumentation.java:1097)
        at android.app.ActivityThread.performLaunchActivity(ActivityThread.java:2218)
        at android.app.ActivityThread.handleLaunchActivity(ActivityThread.java:2309)
        at android.app.ActivityThread.access$700(ActivityThread.java:157)
        at android.app.ActivityThread$H.handleMessage(ActivityThread.java:1289)
        at android.os.Handler.dispatchMessage(Handler.java:99)
        at android.os.Looper.loop(Looper.java:176)
        at android.app.ActivityThread.main(ActivityThread.java:5317)
        at java.lang.reflect.Method.invokeNative(Native Method)
        at java.lang.reflect.Method.invoke(Method.java:511)
        at com.android.internal.os.ZygoteInit$MethodAndArgsCaller.run(ZygoteInit.java:1102)
        at com.android.internal.os.ZygoteInit.main(ZygoteInit.java:869)
        at dalvik.system.NativeStart.main(Native Method)
     Caused by: java.lang.ClassNotFoundException: Didn't find class "a.a.a.a" on path: /data/app/evel.io.r8apilevelbug-2.apk
        at dalvik.system.BaseDexClassLoader.findClass(BaseDexClassLoader.java:65)
        at java.lang.ClassLoader.loadClass(ClassLoader.java:501)
        at java.lang.ClassLoader.loadClass(ClassLoader.java:461)
        at java.lang.Class.getDeclaredConstructors(Native Method) 
        at java.lang.Class.getDeclaredConstructors(Class.java:602) 
        at java.io.ObjectStreamClass.computeSerialVersionUID(ObjectStreamClass.java:508) 
        at java.io.ObjectStreamClass.createClassDesc(ObjectStreamClass.java:259) 
        at java.io.ObjectStreamClass.lookupStreamClass(ObjectStreamClass.java:1067) 
        at java.io.ObjectOutputStream.writeObjectInternal(ObjectOutputStream.java:1574) 
        at java.io.ObjectOutputStream.writeObject(ObjectOutputStream.java:1517) 
        at java.io.ObjectOutputStream.writeObject(ObjectOutputStream.java:1481) 
        at a.a.a.b.<init>(:1) 
        at evel.io.r8apilevelbug.MainActivity.onCreate() 
        at android.app.Activity.performCreate(Activity.java:5326) 
        at android.app.Instrumentation.callActivityOnCreate(Instrumentation.java:1097) 
        at android.app.ActivityThread.performLaunchActivity(ActivityThread.java:2218) 
        at android.app.ActivityThread.handleLaunchActivity(ActivityThread.java:2309) 
        at android.app.ActivityThread.access$700(ActivityThread.java:157) 
        at android.app.ActivityThread$H.handleMessage(ActivityThread.java:1289) 
        at android.os.Handler.dispatchMessage(Handler.java:99) 
        at android.os.Looper.loop(Looper.java:176) 
        at android.app.ActivityThread.main(ActivityThread.java:5317) 
        at java.lang.reflect.Method.invokeNative(Native Method) 
        at java.lang.reflect.Method.invoke(Method.java:511) 
        at com.android.internal.os.ZygoteInit$MethodAndArgsCaller.run(ZygoteInit.java:1102) 
        at com.android.internal.os.ZygoteInit.main(ZygoteInit.java:869) 
        at dalvik.system.NativeStart.main(Native Method) 